[2019-11-05 20:52:46] local.ERROR: syntax error, unexpected '}', expecting ';' {"exception":"[object] (Symfony\\Component\\Debug\\Exception\\FatalThrowableError(code: 0): syntax error, unexpected '}', expecting ';' at /home/vagrant/Laravel/webapps/routes/web.php:20)
[stacktrace]
#0 /home/vagrant/Laravel/webapps/vendor/laravel/framework/src/Illuminate/Routing/Router.php(415): Illuminate\\Routing\\RouteFileRegistrar->register('/home/vagrant/L...')
#1 /home/vagrant/Laravel/webapps/vendor/laravel/framework/src/Illuminate/Routing/Router.php(373): Illuminate\\Routing\\Router->loadRoutes('/home/vagrant/L...')
#2 /home/vagrant/Laravel/webapps/vendor/laravel/framework/src/Illuminate/Routing/RouteRegistrar.php(121): Illuminate\\Routing\\Router->group(Array, '/home/vagrant/L...')
#3 /home/vagrant/Laravel/webapps/app/Providers/RouteServiceProvider.php(56): Illuminate\\Routing\\RouteRegistrar->group('/home/vagrant/L...')
#4 /home/vagrant/Laravel/webapps/app/Providers/RouteServiceProvider.php(40): App\\Providers\\RouteServiceProvider->mapWebRoutes()
#5 [internal function]: App\\Providers\\RouteServiceProvider->map()
#6 /home/vagrant/Laravel/webapps/vendor/laravel/framework/src/Illuminate/Container/BoundMethod.php(32): call_user_func_array(Array, Array)
#7 /home/vagrant/Laravel/webapps/vendor/laravel/framework/src/Illuminate/Support/helpers.php(522): Illuminate\\Container\\BoundMethod::Illuminate\\Container\\{closure}()
#8 /home/vagrant/Laravel/webapps/vendor/laravel/framework/src/Illuminate/Container/BoundMethod.php(90): value(Object(Closure))
#9 /home/vagrant/Laravel/webapps/vendor/laravel/framework/src/Illuminate/Container/BoundMethod.php(34): Illuminate\\Container\\BoundMethod::callBoundMethod(Object(Illuminate\\Foundation\\Application), Array, Object(Closure))
#10 /home/vagrant/Laravel/webapps/vendor/laravel/framework/src/Illuminate/Container/Container.php(591): Illuminate\\Container\\BoundMethod::call(Object(Illuminate\\Foundation\\Application), Array, Array, NULL)
#11 /home/vagrant/Laravel/webapps/vendor/laravel/framework/src/Illuminate/Foundation/Support/Providers/RouteServiceProvider.php(87): Illuminate\\Container\\Container->call(Array)
#12 /home/vagrant/Laravel/webapps/vendor/laravel/framework/src/Illuminate/Foundation/Support/Providers/RouteServiceProvider.php(36): Illuminate\\Foundation\\Support\\Providers\\RouteServiceProvider->loadRoutes()
#13 /home/vagrant/Laravel/webapps/app/Providers/RouteServiceProvider.php(28): Illuminate\\Foundation\\Support\\Providers\\RouteServiceProvider->boot()
#14 [internal function]: App\\Providers\\RouteServiceProvider->boot()
#15 /home/vagrant/Laravel/webapps/vendor/laravel/framework/src/Illuminate/Container/BoundMethod.php(32): call_user_func_array(Array, Array)
#16 /home/vagrant/Laravel/webapps/vendor/laravel/framework/src/Illuminate/Support/helpers.php(522): Illuminate\\Container\\BoundMethod::Illuminate\\Container\\{closure}()
#17 /home/vagrant/Laravel/webapps/vendor/laravel/framework/src/Illuminate/Container/BoundMethod.php(90): value(Object(Closure))
#18 /home/vagrant/Laravel/webapps/vendor/laravel/framework/src/Illuminate/Container/BoundMethod.php(34): Illuminate\\Container\\BoundMethod::callBoundMethod(Object(Illuminate\\Foundation\\Application), Array, Object(Closure))
#19 /home/vagrant/Laravel/webapps/vendor/laravel/framework/src/Illuminate/Container/Container.php(591): Illuminate\\Container\\BoundMethod::call(Object(Illuminate\\Foundation\\Application), Array, Array, NULL)
#20 /home/vagrant/Laravel/webapps/vendor/laravel/framework/src/Illuminate/Foundation/Application.php(828): Illuminate\\Container\\Container->call(Array)
#21 /home/vagrant/Laravel/webapps/vendor/laravel/framework/src/Illuminate/Foundation/Application.php(811): Illuminate\\Foundation\\Application->bootProvider(Object(App\\Providers\\RouteServiceProvider))
#22 [internal function]: Illuminate\\Foundation\\Application->Illuminate\\Foundation\\{closure}(Object(App\\Providers\\RouteServiceProvider), 22)
#23 /home/vagrant/Laravel/webapps/vendor/laravel/framework/src/Illuminate/Foundation/Application.php(812): array_walk(Array, Object(Closure))
#24 /home/vagrant/Laravel/webapps/vendor/laravel/framework/src/Illuminate/Foundation/Bootstrap/BootProviders.php(17): Illuminate\\Foundation\\Application->boot()
#25 /home/vagrant/Laravel/webapps/vendor/laravel/framework/src/Illuminate/Foundation/Application.php(211): Illuminate\\Foundation\\Bootstrap\\BootProviders->bootstrap(Object(Illuminate\\Foundation\\Application))
#26 /home/vagrant/Laravel/webapps/vendor/laravel/framework/src/Illuminate/Foundation/Http/Kernel.php(162): Illuminate\\Foundation\\Application->bootstrapWith(Array)
#27 /home/vagrant/Laravel/webapps/vendor/laravel/framework/src/Illuminate/Foundation/Http/Kernel.php(146): Illuminate\\Foundation\\Http\\Kernel->bootstrap()
#28 /home/vagrant/Laravel/webapps/vendor/laravel/framework/src/Illuminate/Foundation/Http/Kernel.php(116): Illuminate\\Foundation\\Http\\Kernel->sendRequestThroughRouter(Object(Illuminate\\Http\\Request))
#29 /home/vagrant/Laravel/webapps/public/index.php(55): Illuminate\\Foundation\\Http\\Kernel->handle(Object(Illuminate\\Http\\Request))
#30 {main}
"} 
[2019-11-05 20:52:48] local.ERROR: syntax error, unexpected '}', expecting ';' {"exception":"[object] (Symfony\\Component\\Debug\\Exception\\FatalThrowableError(code: 0): syntax error, unexpected '}', expecting ';' at /home/vagrant/Laravel/webapps/routes/web.php:20)
[stacktrace]
#0 /home/vagrant/Laravel/webapps/vendor/laravel/framework/src/Illuminate/Routing/Router.php(415): Illuminate\\Routing\\RouteFileRegistrar->register('/home/vagrant/L...')
#1 /home/vagrant/Laravel/webapps/vendor/laravel/framework/src/Illuminate/Routing/Router.php(373): Illuminate\\Routing\\Router->loadRoutes('/home/vagrant/L...')
#2 /home/vagrant/Laravel/webapps/vendor/laravel/framework/src/Illuminate/Routing/RouteRegistrar.php(121): Illuminate\\Routing\\Router->group(Array, '/home/vagrant/L...')
#3 /home/vagrant/Laravel/webapps/app/Providers/RouteServiceProvider.php(56): Illuminate\\Routing\\RouteRegistrar->group('/home/vagrant/L...')
#4 /home/vagrant/Laravel/webapps/app/Providers/RouteServiceProvider.php(40): App\\Providers\\RouteServiceProvider->mapWebRoutes()
#5 [internal function]: App\\Providers\\RouteServiceProvider->map()
#6 /home/vagrant/Laravel/webapps/vendor/laravel/framework/src/Illuminate/Container/BoundMethod.php(32): call_user_func_array(Array, Array)
#7 /home/vagrant/Laravel/webapps/vendor/laravel/framework/src/Illuminate/Support/helpers.php(522): Illuminate\\Container\\BoundMethod::Illuminate\\Container\\{closure}()
#8 /home/vagrant/Laravel/webapps/vendor/laravel/framework/src/Illuminate/Container/BoundMethod.php(90): value(Object(Closure))
#9 /home/vagrant/Laravel/webapps/vendor/laravel/framework/src/Illuminate/Container/BoundMethod.php(34): Illuminate\\Container\\BoundMethod::callBoundMethod(Object(Illuminate\\Foundation\\Application), Array, Object(Closure))
#10 /home/vagrant/Laravel/webapps/vendor/laravel/framework/src/Illuminate/Container/Container.php(591): Illuminate\\Container\\BoundMethod::call(Object(Illuminate\\Foundation\\Application), Array, Array, NULL)
#11 /home/vagrant/Laravel/webapps/vendor/laravel/framework/src/Illuminate/Foundation/Support/Providers/RouteServiceProvider.php(87): Illuminate\\Container\\Container->call(Array)
#12 /home/vagrant/Laravel/webapps/vendor/laravel/framework/src/Illuminate/Foundation/Support/Providers/RouteServiceProvider.php(36): Illuminate\\Foundation\\Support\\Providers\\RouteServiceProvider->loadRoutes()
#13 /home/vagrant/Laravel/webapps/app/Providers/RouteServiceProvider.php(28): Illuminate\\Foundation\\Support\\Providers\\RouteServiceProvider->boot()
#14 [internal function]: App\\Providers\\RouteServiceProvider->boot()
#15 /home/vagrant/Laravel/webapps/vendor/laravel/framework/src/Illuminate/Container/BoundMethod.php(32): call_user_func_array(Array, Array)
#16 /home/vagrant/Laravel/webapps/vendor/laravel/framework/src/Illuminate/Support/helpers.php(522): Illuminate\\Container\\BoundMethod::Illuminate\\Container\\{closure}()
#17 /home/vagrant/Laravel/webapps/vendor/laravel/framework/src/Illuminate/Container/BoundMethod.php(90): value(Object(Closure))
#18 /home/vagrant/Laravel/webapps/vendor/laravel/framework/src/Illuminate/Container/BoundMethod.php(34): Illuminate\\Container\\BoundMethod::callBoundMethod(Object(Illuminate\\Foundation\\Application), Array, Object(Closure))
#19 /home/vagrant/Laravel/webapps/vendor/laravel/framework/src/Illuminate/Container/Container.php(591): Illuminate\\Container\\BoundMethod::call(Object(Illuminate\\Foundation\\Application), Array, Array, NULL)
#20 /home/vagrant/Laravel/webapps/vendor/laravel/framework/src/Illuminate/Foundation/Application.php(828): Illuminate\\Container\\Container->call(Array)
#21 /home/vagrant/Laravel/webapps/vendor/laravel/framework/src/Illuminate/Foundation/Application.php(811): Illuminate\\Foundation\\Application->bootProvider(Object(App\\Providers\\RouteServiceProvider))
#22 [internal function]: Illuminate\\Foundation\\Application->Illuminate\\Foundation\\{closure}(Object(App\\Providers\\RouteServiceProvider), 22)
#23 /home/vagrant/Laravel/webapps/vendor/laravel/framework/src/Illuminate/Foundation/Application.php(812): array_walk(Array, Object(Closure))
#24 /home/vagrant/Laravel/webapps/vendor/laravel/framework/src/Illuminate/Foundation/Bootstrap/BootProviders.php(17): Illuminate\\Foundation\\Application->boot()
#25 /home/vagrant/Laravel/webapps/vendor/laravel/framework/src/Illuminate/Foundation/Application.php(211): Illuminate\\Foundation\\Bootstrap\\BootProviders->bootstrap(Object(Illuminate\\Foundation\\Application))
#26 /home/vagrant/Laravel/webapps/vendor/laravel/framework/src/Illuminate/Foundation/Http/Kernel.php(162): Illuminate\\Foundation\\Application->bootstrapWith(Array)
#27 /home/vagrant/Laravel/webapps/vendor/laravel/framework/src/Illuminate/Foundation/Http/Kernel.php(146): Illuminate\\Foundation\\Http\\Kernel->bootstrap()
#28 /home/vagrant/Laravel/webapps/vendor/laravel/framework/src/Illuminate/Foundation/Http/Kernel.php(116): Illuminate\\Foundation\\Http\\Kernel->sendRequestThroughRouter(Object(Illuminate\\Http\\Request))
#29 /home/vagrant/Laravel/webapps/public/index.php(55): Illuminate\\Foundation\\Http\\Kernel->handle(Object(Illuminate\\Http\\Request))
#30 {main}
"} 
[2019-11-05 20:52:48] local.ERROR: syntax error, unexpected '}', expecting ';' {"exception":"[object] (Symfony\\Component\\Debug\\Exception\\FatalThrowableError(code: 0): syntax error, unexpected '}', expecting ';' at /home/vagrant/Laravel/webapps/routes/web.php:20)
[stacktrace]
#0 /home/vagrant/Laravel/webapps/vendor/laravel/framework/src/Illuminate/Routing/Router.php(415): Illuminate\\Routing\\RouteFileRegistrar->register('/home/vagrant/L...')
#1 /home/vagrant/Laravel/webapps/vendor/laravel/framework/src/Illuminate/Routing/Router.php(373): Illuminate\\Routing\\Router->loadRoutes('/home/vagrant/L...')
#2 /home/vagrant/Laravel/webapps/vendor/laravel/framework/src/Illuminate/Routing/RouteRegistrar.php(121): Illuminate\\Routing\\Router->group(Array, '/home/vagrant/L...')
#3 /home/vagrant/Laravel/webapps/app/Providers/RouteServiceProvider.php(56): Illuminate\\Routing\\RouteRegistrar->group('/home/vagrant/L...')
#4 /home/vagrant/Laravel/webapps/app/Providers/RouteServiceProvider.php(40): App\\Providers\\RouteServiceProvider->mapWebRoutes()
#5 [internal function]: App\\Providers\\RouteServiceProvider->map()
#6 /home/vagrant/Laravel/webapps/vendor/laravel/framework/src/Illuminate/Container/BoundMethod.php(32): call_user_func_array(Array, Array)
#7 /home/vagrant/Laravel/webapps/vendor/laravel/framework/src/Illuminate/Support/helpers.php(522): Illuminate\\Container\\BoundMethod::Illuminate\\Container\\{closure}()
#8 /home/vagrant/Laravel/webapps/vendor/laravel/framework/src/Illuminate/Container/BoundMethod.php(90): value(Object(Closure))
#9 /home/vagrant/Laravel/webapps/vendor/laravel/framework/src/Illuminate/Container/BoundMethod.php(34): Illuminate\\Container\\BoundMethod::callBoundMethod(Object(Illuminate\\Foundation\\Application), Array, Object(Closure))
#10 /home/vagrant/Laravel/webapps/vendor/laravel/framework/src/Illuminate/Container/Container.php(591): Illuminate\\Container\\BoundMethod::call(Object(Illuminate\\Foundation\\Application), Array, Array, NULL)
#11 /home/vagrant/Laravel/webapps/vendor/laravel/framework/src/Illuminate/Foundation/Support/Providers/RouteServiceProvider.php(87): Illuminate\\Container\\Container->call(Array)
#12 /home/vagrant/Laravel/webapps/vendor/laravel/framework/src/Illuminate/Foundation/Support/Providers/RouteServiceProvider.php(36): Illuminate\\Foundation\\Support\\Providers\\RouteServiceProvider->loadRoutes()
#13 /home/vagrant/Laravel/webapps/app/Providers/RouteServiceProvider.php(28): Illuminate\\Foundation\\Support\\Providers\\RouteServiceProvider->boot()
#14 [internal function]: App\\Providers\\RouteServiceProvider->boot()
#15 /home/vagrant/Laravel/webapps/vendor/laravel/framework/src/Illuminate/Container/BoundMethod.php(32): call_user_func_array(Array, Array)
#16 /home/vagrant/Laravel/webapps/vendor/laravel/framework/src/Illuminate/Support/helpers.php(522): Illuminate\\Container\\BoundMethod::Illuminate\\Container\\{closure}()
#17 /home/vagrant/Laravel/webapps/vendor/laravel/framework/src/Illuminate/Container/BoundMethod.php(90): value(Object(Closure))
#18 /home/vagrant/Laravel/webapps/vendor/laravel/framework/src/Illuminate/Container/BoundMethod.php(34): Illuminate\\Container\\BoundMethod::callBoundMethod(Object(Illuminate\\Foundation\\Application), Array, Object(Closure))
#19 /home/vagrant/Laravel/webapps/vendor/laravel/framework/src/Illuminate/Container/Container.php(591): Illuminate\\Container\\BoundMethod::call(Object(Illuminate\\Foundation\\Application), Array, Array, NULL)
#20 /home/vagrant/Laravel/webapps/vendor/laravel/framework/src/Illuminate/Foundation/Application.php(828): Illuminate\\Container\\Container->call(Array)
#21 /home/vagrant/Laravel/webapps/vendor/laravel/framework/src/Illuminate/Foundation/Application.php(811): Illuminate\\Foundation\\Application->bootProvider(Object(App\\Providers\\RouteServiceProvider))
#22 [internal function]: Illuminate\\Foundation\\Application->Illuminate\\Foundation\\{closure}(Object(App\\Providers\\RouteServiceProvider), 22)
#23 /home/vagrant/Laravel/webapps/vendor/laravel/framework/src/Illuminate/Foundation/Application.php(812): array_walk(Array, Object(Closure))
#24 /home/vagrant/Laravel/webapps/vendor/laravel/framework/src/Illuminate/Foundation/Bootstrap/BootProviders.php(17): Illuminate\\Foundation\\Application->boot()
#25 /home/vagrant/Laravel/webapps/vendor/laravel/framework/src/Illuminate/Foundation/Application.php(211): Illuminate\\Foundation\\Bootstrap\\BootProviders->bootstrap(Object(Illuminate\\Foundation\\Application))
#26 /home/vagrant/Laravel/webapps/vendor/laravel/framework/src/Illuminate/Foundation/Http/Kernel.php(162): Illuminate\\Foundation\\Application->bootstrapWith(Array)
#27 /home/vagrant/Laravel/webapps/vendor/laravel/framework/src/Illuminate/Foundation/Http/Kernel.php(146): Illuminate\\Foundation\\Http\\Kernel->bootstrap()
#28 /home/vagrant/Laravel/webapps/vendor/laravel/framework/src/Illuminate/Foundation/Http/Kernel.php(116): Illuminate\\Foundation\\Http\\Kernel->sendRequestThroughRouter(Object(Illuminate\\Http\\Request))
#29 /home/vagrant/Laravel/webapps/public/index.php(55): Illuminate\\Foundation\\Http\\Kernel->handle(Object(Illuminate\\Http\\Request))
#30 {main}
"} 
[2019-11-05 20:53:23] local.ERROR: syntax error, unexpected '}', expecting ';' {"exception":"[object] (Symfony\\Component\\Debug\\Exception\\FatalThrowableError(code: 0): syntax error, unexpected '}', expecting ';' at /home/vagrant/Laravel/webapps/routes/web.php:20)
[stacktrace]
#0 /home/vagrant/Laravel/webapps/vendor/laravel/framework/src/Illuminate/Routing/Router.php(415): Illuminate\\Routing\\RouteFileRegistrar->register('/home/vagrant/L...')
#1 /home/vagrant/Laravel/webapps/vendor/laravel/framework/src/Illuminate/Routing/Router.php(373): Illuminate\\Routing\\Router->loadRoutes('/home/vagrant/L...')
#2 /home/vagrant/Laravel/webapps/vendor/laravel/framework/src/Illuminate/Routing/RouteRegistrar.php(121): Illuminate\\Routing\\Router->group(Array, '/home/vagrant/L...')
#3 /home/vagrant/Laravel/webapps/app/Providers/RouteServiceProvider.php(56): Illuminate\\Routing\\RouteRegistrar->group('/home/vagrant/L...')
#4 /home/vagrant/Laravel/webapps/app/Providers/RouteServiceProvider.php(40): App\\Providers\\RouteServiceProvider->mapWebRoutes()
#5 [internal function]: App\\Providers\\RouteServiceProvider->map()
#6 /home/vagrant/Laravel/webapps/vendor/laravel/framework/src/Illuminate/Container/BoundMethod.php(32): call_user_func_array(Array, Array)
#7 /home/vagrant/Laravel/webapps/vendor/laravel/framework/src/Illuminate/Support/helpers.php(522): Illuminate\\Container\\BoundMethod::Illuminate\\Container\\{closure}()
#8 /home/vagrant/Laravel/webapps/vendor/laravel/framework/src/Illuminate/Container/BoundMethod.php(90): value(Object(Closure))
#9 /home/vagrant/Laravel/webapps/vendor/laravel/framework/src/Illuminate/Container/BoundMethod.php(34): Illuminate\\Container\\BoundMethod::callBoundMethod(Object(Illuminate\\Foundation\\Application), Array, Object(Closure))
#10 /home/vagrant/Laravel/webapps/vendor/laravel/framework/src/Illuminate/Container/Container.php(591): Illuminate\\Container\\BoundMethod::call(Object(Illuminate\\Foundation\\Application), Array, Array, NULL)
#11 /home/vagrant/Laravel/webapps/vendor/laravel/framework/src/Illuminate/Foundation/Support/Providers/RouteServiceProvider.php(87): Illuminate\\Container\\Container->call(Array)
#12 /home/vagrant/Laravel/webapps/vendor/laravel/framework/src/Illuminate/Foundation/Support/Providers/RouteServiceProvider.php(36): Illuminate\\Foundation\\Support\\Providers\\RouteServiceProvider->loadRoutes()
#13 /home/vagrant/Laravel/webapps/app/Providers/RouteServiceProvider.php(28): Illuminate\\Foundation\\Support\\Providers\\RouteServiceProvider->boot()
#14 [internal function]: App\\Providers\\RouteServiceProvider->boot()
#15 /home/vagrant/Laravel/webapps/vendor/laravel/framework/src/Illuminate/Container/BoundMethod.php(32): call_user_func_array(Array, Array)
#16 /home/vagrant/Laravel/webapps/vendor/laravel/framework/src/Illuminate/Support/helpers.php(522): Illuminate\\Container\\BoundMethod::Illuminate\\Container\\{closure}()
#17 /home/vagrant/Laravel/webapps/vendor/laravel/framework/src/Illuminate/Container/BoundMethod.php(90): value(Object(Closure))
#18 /home/vagrant/Laravel/webapps/vendor/laravel/framework/src/Illuminate/Container/BoundMethod.php(34): Illuminate\\Container\\BoundMethod::callBoundMethod(Object(Illuminate\\Foundation\\Application), Array, Object(Closure))
#19 /home/vagrant/Laravel/webapps/vendor/laravel/framework/src/Illuminate/Container/Container.php(591): Illuminate\\Container\\BoundMethod::call(Object(Illuminate\\Foundation\\Application), Array, Array, NULL)
#20 /home/vagrant/Laravel/webapps/vendor/laravel/framework/src/Illuminate/Foundation/Application.php(828): Illuminate\\Container\\Container->call(Array)
#21 /home/vagrant/Laravel/webapps/vendor/laravel/framework/src/Illuminate/Foundation/Application.php(811): Illuminate\\Foundation\\Application->bootProvider(Object(App\\Providers\\RouteServiceProvider))
#22 [internal function]: Illuminate\\Foundation\\Application->Illuminate\\Foundation\\{closure}(Object(App\\Providers\\RouteServiceProvider), 22)
#23 /home/vagrant/Laravel/webapps/vendor/laravel/framework/src/Illuminate/Foundation/Application.php(812): array_walk(Array, Object(Closure))
#24 /home/vagrant/Laravel/webapps/vendor/laravel/framework/src/Illuminate/Foundation/Bootstrap/BootProviders.php(17): Illuminate\\Foundation\\Application->boot()
#25 /home/vagrant/Laravel/webapps/vendor/laravel/framework/src/Illuminate/Foundation/Application.php(211): Illuminate\\Foundation\\Bootstrap\\BootProviders->bootstrap(Object(Illuminate\\Foundation\\Application))
#26 /home/vagrant/Laravel/webapps/vendor/laravel/framework/src/Illuminate/Foundation/Http/Kernel.php(162): Illuminate\\Foundation\\Application->bootstrapWith(Array)
#27 /home/vagrant/Laravel/webapps/vendor/laravel/framework/src/Illuminate/Foundation/Http/Kernel.php(146): Illuminate\\Foundation\\Http\\Kernel->bootstrap()
#28 /home/vagrant/Laravel/webapps/vendor/laravel/framework/src/Illuminate/Foundation/Http/Kernel.php(116): Illuminate\\Foundation\\Http\\Kernel->sendRequestThroughRouter(Object(Illuminate\\Http\\Request))
#29 /home/vagrant/Laravel/webapps/public/index.php(55): Illuminate\\Foundation\\Http\\Kernel->handle(Object(Illuminate\\Http\\Request))
#30 {main}
"} 
[2019-11-05 20:53:24] local.ERROR: syntax error, unexpected '}', expecting ';' {"exception":"[object] (Symfony\\Component\\Debug\\Exception\\FatalThrowableError(code: 0): syntax error, unexpected '}', expecting ';' at /home/vagrant/Laravel/webapps/routes/web.php:20)
[stacktrace]
#0 /home/vagrant/Laravel/webapps/vendor/laravel/framework/src/Illuminate/Routing/Router.php(415): Illuminate\\Routing\\RouteFileRegistrar->register('/home/vagrant/L...')
#1 /home/vagrant/Laravel/webapps/vendor/laravel/framework/src/Illuminate/Routing/Router.php(373): Illuminate\\Routing\\Router->loadRoutes('/home/vagrant/L...')
#2 /home/vagrant/Laravel/webapps/vendor/laravel/framework/src/Illuminate/Routing/RouteRegistrar.php(121): Illuminate\\Routing\\Router->group(Array, '/home/vagrant/L...')
#3 /home/vagrant/Laravel/webapps/app/Providers/RouteServiceProvider.php(56): Illuminate\\Routing\\RouteRegistrar->group('/home/vagrant/L...')
#4 /home/vagrant/Laravel/webapps/app/Providers/RouteServiceProvider.php(40): App\\Providers\\RouteServiceProvider->mapWebRoutes()
#5 [internal function]: App\\Providers\\RouteServiceProvider->map()
#6 /home/vagrant/Laravel/webapps/vendor/laravel/framework/src/Illuminate/Container/BoundMethod.php(32): call_user_func_array(Array, Array)
#7 /home/vagrant/Laravel/webapps/vendor/laravel/framework/src/Illuminate/Support/helpers.php(522): Illuminate\\Container\\BoundMethod::Illuminate\\Container\\{closure}()
#8 /home/vagrant/Laravel/webapps/vendor/laravel/framework/src/Illuminate/Container/BoundMethod.php(90): value(Object(Closure))
#9 /home/vagrant/Laravel/webapps/vendor/laravel/framework/src/Illuminate/Container/BoundMethod.php(34): Illuminate\\Container\\BoundMethod::callBoundMethod(Object(Illuminate\\Foundation\\Application), Array, Object(Closure))
#10 /home/vagrant/Laravel/webapps/vendor/laravel/framework/src/Illuminate/Container/Container.php(591): Illuminate\\Container\\BoundMethod::call(Object(Illuminate\\Foundation\\Application), Array, Array, NULL)
#11 /home/vagrant/Laravel/webapps/vendor/laravel/framework/src/Illuminate/Foundation/Support/Providers/RouteServiceProvider.php(87): Illuminate\\Container\\Container->call(Array)
#12 /home/vagrant/Laravel/webapps/vendor/laravel/framework/src/Illuminate/Foundation/Support/Providers/RouteServiceProvider.php(36): Illuminate\\Foundation\\Support\\Providers\\RouteServiceProvider->loadRoutes()
#13 /home/vagrant/Laravel/webapps/app/Providers/RouteServiceProvider.php(28): Illuminate\\Foundation\\Support\\Providers\\RouteServiceProvider->boot()
#14 [internal function]: App\\Providers\\RouteServiceProvider->boot()
#15 /home/vagrant/Laravel/webapps/vendor/laravel/framework/src/Illuminate/Container/BoundMethod.php(32): call_user_func_array(Array, Array)
#16 /home/vagrant/Laravel/webapps/vendor/laravel/framework/src/Illuminate/Support/helpers.php(522): Illuminate\\Container\\BoundMethod::Illuminate\\Container\\{closure}()
#17 /home/vagrant/Laravel/webapps/vendor/laravel/framework/src/Illuminate/Container/BoundMethod.php(90): value(Object(Closure))
#18 /home/vagrant/Laravel/webapps/vendor/laravel/framework/src/Illuminate/Container/BoundMethod.php(34): Illuminate\\Container\\BoundMethod::callBoundMethod(Object(Illuminate\\Foundation\\Application), Array, Object(Closure))
#19 /home/vagrant/Laravel/webapps/vendor/laravel/framework/src/Illuminate/Container/Container.php(591): Illuminate\\Container\\BoundMethod::call(Object(Illuminate\\Foundation\\Application), Array, Array, NULL)
#20 /home/vagrant/Laravel/webapps/vendor/laravel/framework/src/Illuminate/Foundation/Application.php(828): Illuminate\\Container\\Container->call(Array)
#21 /home/vagrant/Laravel/webapps/vendor/laravel/framework/src/Illuminate/Foundation/Application.php(811): Illuminate\\Foundation\\Application->bootProvider(Object(App\\Providers\\RouteServiceProvider))
#22 [internal function]: Illuminate\\Foundation\\Application->Illuminate\\Foundation\\{closure}(Object(App\\Providers\\RouteServiceProvider), 22)
#23 /home/vagrant/Laravel/webapps/vendor/laravel/framework/src/Illuminate/Foundation/Application.php(812): array_walk(Array, Object(Closure))
#24 /home/vagrant/Laravel/webapps/vendor/laravel/framework/src/Illuminate/Foundation/Bootstrap/BootProviders.php(17): Illuminate\\Foundation\\Application->boot()
#25 /home/vagrant/Laravel/webapps/vendor/laravel/framework/src/Illuminate/Foundation/Application.php(211): Illuminate\\Foundation\\Bootstrap\\BootProviders->bootstrap(Object(Illuminate\\Foundation\\Application))
#26 /home/vagrant/Laravel/webapps/vendor/laravel/framework/src/Illuminate/Foundation/Http/Kernel.php(162): Illuminate\\Foundation\\Application->bootstrapWith(Array)
#27 /home/vagrant/Laravel/webapps/vendor/laravel/framework/src/Illuminate/Foundation/Http/Kernel.php(146): Illuminate\\Foundation\\Http\\Kernel->bootstrap()
#28 /home/vagrant/Laravel/webapps/vendor/laravel/framework/src/Illuminate/Foundation/Http/Kernel.php(116): Illuminate\\Foundation\\Http\\Kernel->sendRequestThroughRouter(Object(Illuminate\\Http\\Request))
#29 /home/vagrant/Laravel/webapps/public/index.php(55): Illuminate\\Foundation\\Http\\Kernel->handle(Object(Illuminate\\Http\\Request))
#30 {main}
"} 
[2019-11-05 20:53:24] local.ERROR: syntax error, unexpected '}', expecting ';' {"exception":"[object] (Symfony\\Component\\Debug\\Exception\\FatalThrowableError(code: 0): syntax error, unexpected '}', expecting ';' at /home/vagrant/Laravel/webapps/routes/web.php:20)
[stacktrace]
#0 /home/vagrant/Laravel/webapps/vendor/laravel/framework/src/Illuminate/Routing/Router.php(415): Illuminate\\Routing\\RouteFileRegistrar->register('/home/vagrant/L...')
#1 /home/vagrant/Laravel/webapps/vendor/laravel/framework/src/Illuminate/Routing/Router.php(373): Illuminate\\Routing\\Router->loadRoutes('/home/vagrant/L...')
#2 /home/vagrant/Laravel/webapps/vendor/laravel/framework/src/Illuminate/Routing/RouteRegistrar.php(121): Illuminate\\Routing\\Router->group(Array, '/home/vagrant/L...')
#3 /home/vagrant/Laravel/webapps/app/Providers/RouteServiceProvider.php(56): Illuminate\\Routing\\RouteRegistrar->group('/home/vagrant/L...')
#4 /home/vagrant/Laravel/webapps/app/Providers/RouteServiceProvider.php(40): App\\Providers\\RouteServiceProvider->mapWebRoutes()
#5 [internal function]: App\\Providers\\RouteServiceProvider->map()
#6 /home/vagrant/Laravel/webapps/vendor/laravel/framework/src/Illuminate/Container/BoundMethod.php(32): call_user_func_array(Array, Array)
#7 /home/vagrant/Laravel/webapps/vendor/laravel/framework/src/Illuminate/Support/helpers.php(522): Illuminate\\Container\\BoundMethod::Illuminate\\Container\\{closure}()
#8 /home/vagrant/Laravel/webapps/vendor/laravel/framework/src/Illuminate/Container/BoundMethod.php(90): value(Object(Closure))
#9 /home/vagrant/Laravel/webapps/vendor/laravel/framework/src/Illuminate/Container/BoundMethod.php(34): Illuminate\\Container\\BoundMethod::callBoundMethod(Object(Illuminate\\Foundation\\Application), Array, Object(Closure))
#10 /home/vagrant/Laravel/webapps/vendor/laravel/framework/src/Illuminate/Container/Container.php(591): Illuminate\\Container\\BoundMethod::call(Object(Illuminate\\Foundation\\Application), Array, Array, NULL)
#11 /home/vagrant/Laravel/webapps/vendor/laravel/framework/src/Illuminate/Foundation/Support/Providers/RouteServiceProvider.php(87): Illuminate\\Container\\Container->call(Array)
#12 /home/vagrant/Laravel/webapps/vendor/laravel/framework/src/Illuminate/Foundation/Support/Providers/RouteServiceProvider.php(36): Illuminate\\Foundation\\Support\\Providers\\RouteServiceProvider->loadRoutes()
#13 /home/vagrant/Laravel/webapps/app/Providers/RouteServiceProvider.php(28): Illuminate\\Foundation\\Support\\Providers\\RouteServiceProvider->boot()
#14 [internal function]: App\\Providers\\RouteServiceProvider->boot()
#15 /home/vagrant/Laravel/webapps/vendor/laravel/framework/src/Illuminate/Container/BoundMethod.php(32): call_user_func_array(Array, Array)
#16 /home/vagrant/Laravel/webapps/vendor/laravel/framework/src/Illuminate/Support/helpers.php(522): Illuminate\\Container\\BoundMethod::Illuminate\\Container\\{closure}()
#17 /home/vagrant/Laravel/webapps/vendor/laravel/framework/src/Illuminate/Container/BoundMethod.php(90): value(Object(Closure))
#18 /home/vagrant/Laravel/webapps/vendor/laravel/framework/src/Illuminate/Container/BoundMethod.php(34): Illuminate\\Container\\BoundMethod::callBoundMethod(Object(Illuminate\\Foundation\\Application), Array, Object(Closure))
#19 /home/vagrant/Laravel/webapps/vendor/laravel/framework/src/Illuminate/Container/Container.php(591): Illuminate\\Container\\BoundMethod::call(Object(Illuminate\\Foundation\\Application), Array, Array, NULL)
#20 /home/vagrant/Laravel/webapps/vendor/laravel/framework/src/Illuminate/Foundation/Application.php(828): Illuminate\\Container\\Container->call(Array)
#21 /home/vagrant/Laravel/webapps/vendor/laravel/framework/src/Illuminate/Foundation/Application.php(811): Illuminate\\Foundation\\Application->bootProvider(Object(App\\Providers\\RouteServiceProvider))
#22 [internal function]: Illuminate\\Foundation\\Application->Illuminate\\Foundation\\{closure}(Object(App\\Providers\\RouteServiceProvider), 22)
#23 /home/vagrant/Laravel/webapps/vendor/laravel/framework/src/Illuminate/Foundation/Application.php(812): array_walk(Array, Object(Closure))
#24 /home/vagrant/Laravel/webapps/vendor/laravel/framework/src/Illuminate/Foundation/Bootstrap/BootProviders.php(17): Illuminate\\Foundation\\Application->boot()
#25 /home/vagrant/Laravel/webapps/vendor/laravel/framework/src/Illuminate/Foundation/Application.php(211): Illuminate\\Foundation\\Bootstrap\\BootProviders->bootstrap(Object(Illuminate\\Foundation\\Application))
#26 /home/vagrant/Laravel/webapps/vendor/laravel/framework/src/Illuminate/Foundation/Http/Kernel.php(162): Illuminate\\Foundation\\Application->bootstrapWith(Array)
#27 /home/vagrant/Laravel/webapps/vendor/laravel/framework/src/Illuminate/Foundation/Http/Kernel.php(146): Illuminate\\Foundation\\Http\\Kernel->bootstrap()
#28 /home/vagrant/Laravel/webapps/vendor/laravel/framework/src/Illuminate/Foundation/Http/Kernel.php(116): Illuminate\\Foundation\\Http\\Kernel->sendRequestThroughRouter(Object(Illuminate\\Http\\Request))
#29 /home/vagrant/Laravel/webapps/public/index.php(55): Illuminate\\Foundation\\Http\\Kernel->handle(Object(Illuminate\\Http\\Request))
#30 {main}
"} 
[2019-11-05 20:53:30] local.ERROR: syntax error, unexpected '}', expecting ';' {"exception":"[object] (Symfony\\Component\\Debug\\Exception\\FatalThrowableError(code: 0): syntax error, unexpected '}', expecting ';' at /home/vagrant/Laravel/webapps/routes/web.php:20)
[stacktrace]
#0 /home/vagrant/Laravel/webapps/vendor/laravel/framework/src/Illuminate/Routing/Router.php(415): Illuminate\\Routing\\RouteFileRegistrar->register('/home/vagrant/L...')
#1 /home/vagrant/Laravel/webapps/vendor/laravel/framework/src/Illuminate/Routing/Router.php(373): Illuminate\\Routing\\Router->loadRoutes('/home/vagrant/L...')
#2 /home/vagrant/Laravel/webapps/vendor/laravel/framework/src/Illuminate/Routing/RouteRegistrar.php(121): Illuminate\\Routing\\Router->group(Array, '/home/vagrant/L...')
#3 /home/vagrant/Laravel/webapps/app/Providers/RouteServiceProvider.php(56): Illuminate\\Routing\\RouteRegistrar->group('/home/vagrant/L...')
#4 /home/vagrant/Laravel/webapps/app/Providers/RouteServiceProvider.php(40): App\\Providers\\RouteServiceProvider->mapWebRoutes()
#5 [internal function]: App\\Providers\\RouteServiceProvider->map()
#6 /home/vagrant/Laravel/webapps/vendor/laravel/framework/src/Illuminate/Container/BoundMethod.php(32): call_user_func_array(Array, Array)
#7 /home/vagrant/Laravel/webapps/vendor/laravel/framework/src/Illuminate/Support/helpers.php(522): Illuminate\\Container\\BoundMethod::Illuminate\\Container\\{closure}()
#8 /home/vagrant/Laravel/webapps/vendor/laravel/framework/src/Illuminate/Container/BoundMethod.php(90): value(Object(Closure))
#9 /home/vagrant/Laravel/webapps/vendor/laravel/framework/src/Illuminate/Container/BoundMethod.php(34): Illuminate\\Container\\BoundMethod::callBoundMethod(Object(Illuminate\\Foundation\\Application), Array, Object(Closure))
#10 /home/vagrant/Laravel/webapps/vendor/laravel/framework/src/Illuminate/Container/Container.php(591): Illuminate\\Container\\BoundMethod::call(Object(Illuminate\\Foundation\\Application), Array, Array, NULL)
#11 /home/vagrant/Laravel/webapps/vendor/laravel/framework/src/Illuminate/Foundation/Support/Providers/RouteServiceProvider.php(87): Illuminate\\Container\\Container->call(Array)
#12 /home/vagrant/Laravel/webapps/vendor/laravel/framework/src/Illuminate/Foundation/Support/Providers/RouteServiceProvider.php(36): Illuminate\\Foundation\\Support\\Providers\\RouteServiceProvider->loadRoutes()
#13 /home/vagrant/Laravel/webapps/app/Providers/RouteServiceProvider.php(28): Illuminate\\Foundation\\Support\\Providers\\RouteServiceProvider->boot()
#14 [internal function]: App\\Providers\\RouteServiceProvider->boot()
#15 /home/vagrant/Laravel/webapps/vendor/laravel/framework/src/Illuminate/Container/BoundMethod.php(32): call_user_func_array(Array, Array)
#16 /home/vagrant/Laravel/webapps/vendor/laravel/framework/src/Illuminate/Support/helpers.php(522): Illuminate\\Container\\BoundMethod::Illuminate\\Container\\{closure}()
#17 /home/vagrant/Laravel/webapps/vendor/laravel/framework/src/Illuminate/Container/BoundMethod.php(90): value(Object(Closure))
#18 /home/vagrant/Laravel/webapps/vendor/laravel/framework/src/Illuminate/Container/BoundMethod.php(34): Illuminate\\Container\\BoundMethod::callBoundMethod(Object(Illuminate\\Foundation\\Application), Array, Object(Closure))
#19 /home/vagrant/Laravel/webapps/vendor/laravel/framework/src/Illuminate/Container/Container.php(591): Illuminate\\Container\\BoundMethod::call(Object(Illuminate\\Foundation\\Application), Array, Array, NULL)
#20 /home/vagrant/Laravel/webapps/vendor/laravel/framework/src/Illuminate/Foundation/Application.php(828): Illuminate\\Container\\Container->call(Array)
#21 /home/vagrant/Laravel/webapps/vendor/laravel/framework/src/Illuminate/Foundation/Application.php(811): Illuminate\\Foundation\\Application->bootProvider(Object(App\\Providers\\RouteServiceProvider))
#22 [internal function]: Illuminate\\Foundation\\Application->Illuminate\\Foundation\\{closure}(Object(App\\Providers\\RouteServiceProvider), 22)
#23 /home/vagrant/Laravel/webapps/vendor/laravel/framework/src/Illuminate/Foundation/Application.php(812): array_walk(Array, Object(Closure))
#24 /home/vagrant/Laravel/webapps/vendor/laravel/framework/src/Illuminate/Foundation/Bootstrap/BootProviders.php(17): Illuminate\\Foundation\\Application->boot()
#25 /home/vagrant/Laravel/webapps/vendor/laravel/framework/src/Illuminate/Foundation/Application.php(211): Illuminate\\Foundation\\Bootstrap\\BootProviders->bootstrap(Object(Illuminate\\Foundation\\Application))
#26 /home/vagrant/Laravel/webapps/vendor/laravel/framework/src/Illuminate/Foundation/Http/Kernel.php(162): Illuminate\\Foundation\\Application->bootstrapWith(Array)
#27 /home/vagrant/Laravel/webapps/vendor/laravel/framework/src/Illuminate/Foundation/Http/Kernel.php(146): Illuminate\\Foundation\\Http\\Kernel->bootstrap()
#28 /home/vagrant/Laravel/webapps/vendor/laravel/framework/src/Illuminate/Foundation/Http/Kernel.php(116): Illuminate\\Foundation\\Http\\Kernel->sendRequestThroughRouter(Object(Illuminate\\Http\\Request))
#29 /home/vagrant/Laravel/webapps/public/index.php(55): Illuminate\\Foundation\\Http\\Kernel->handle(Object(Illuminate\\Http\\Request))
#30 {main}
"} 
[2019-11-05 20:53:31] local.ERROR: syntax error, unexpected '}', expecting ';' {"exception":"[object] (Symfony\\Component\\Debug\\Exception\\FatalThrowableError(code: 0): syntax error, unexpected '}', expecting ';' at /home/vagrant/Laravel/webapps/routes/web.php:20)
[stacktrace]
#0 /home/vagrant/Laravel/webapps/vendor/laravel/framework/src/Illuminate/Routing/Router.php(415): Illuminate\\Routing\\RouteFileRegistrar->register('/home/vagrant/L...')
#1 /home/vagrant/Laravel/webapps/vendor/laravel/framework/src/Illuminate/Routing/Router.php(373): Illuminate\\Routing\\Router->loadRoutes('/home/vagrant/L...')
#2 /home/vagrant/Laravel/webapps/vendor/laravel/framework/src/Illuminate/Routing/RouteRegistrar.php(121): Illuminate\\Routing\\Router->group(Array, '/home/vagrant/L...')
#3 /home/vagrant/Laravel/webapps/app/Providers/RouteServiceProvider.php(56): Illuminate\\Routing\\RouteRegistrar->group('/home/vagrant/L...')
#4 /home/vagrant/Laravel/webapps/app/Providers/RouteServiceProvider.php(40): App\\Providers\\RouteServiceProvider->mapWebRoutes()
#5 [internal function]: App\\Providers\\RouteServiceProvider->map()
#6 /home/vagrant/Laravel/webapps/vendor/laravel/framework/src/Illuminate/Container/BoundMethod.php(32): call_user_func_array(Array, Array)
#7 /home/vagrant/Laravel/webapps/vendor/laravel/framework/src/Illuminate/Support/helpers.php(522): Illuminate\\Container\\BoundMethod::Illuminate\\Container\\{closure}()
#8 /home/vagrant/Laravel/webapps/vendor/laravel/framework/src/Illuminate/Container/BoundMethod.php(90): value(Object(Closure))
#9 /home/vagrant/Laravel/webapps/vendor/laravel/framework/src/Illuminate/Container/BoundMethod.php(34): Illuminate\\Container\\BoundMethod::callBoundMethod(Object(Illuminate\\Foundation\\Application), Array, Object(Closure))
#10 /home/vagrant/Laravel/webapps/vendor/laravel/framework/src/Illuminate/Container/Container.php(591): Illuminate\\Container\\BoundMethod::call(Object(Illuminate\\Foundation\\Application), Array, Array, NULL)
#11 /home/vagrant/Laravel/webapps/vendor/laravel/framework/src/Illuminate/Foundation/Support/Providers/RouteServiceProvider.php(87): Illuminate\\Container\\Container->call(Array)
#12 /home/vagrant/Laravel/webapps/vendor/laravel/framework/src/Illuminate/Foundation/Support/Providers/RouteServiceProvider.php(36): Illuminate\\Foundation\\Support\\Providers\\RouteServiceProvider->loadRoutes()
#13 /home/vagrant/Laravel/webapps/app/Providers/RouteServiceProvider.php(28): Illuminate\\Foundation\\Support\\Providers\\RouteServiceProvider->boot()
#14 [internal function]: App\\Providers\\RouteServiceProvider->boot()
#15 /home/vagrant/Laravel/webapps/vendor/laravel/framework/src/Illuminate/Container/BoundMethod.php(32): call_user_func_array(Array, Array)
#16 /home/vagrant/Laravel/webapps/vendor/laravel/framework/src/Illuminate/Support/helpers.php(522): Illuminate\\Container\\BoundMethod::Illuminate\\Container\\{closure}()
#17 /home/vagrant/Laravel/webapps/vendor/laravel/framework/src/Illuminate/Container/BoundMethod.php(90): value(Object(Closure))
#18 /home/vagrant/Laravel/webapps/vendor/laravel/framework/src/Illuminate/Container/BoundMethod.php(34): Illuminate\\Container\\BoundMethod::callBoundMethod(Object(Illuminate\\Foundation\\Application), Array, Object(Closure))
#19 /home/vagrant/Laravel/webapps/vendor/laravel/framework/src/Illuminate/Container/Container.php(591): Illuminate\\Container\\BoundMethod::call(Object(Illuminate\\Foundation\\Application), Array, Array, NULL)
#20 /home/vagrant/Laravel/webapps/vendor/laravel/framework/src/Illuminate/Foundation/Application.php(828): Illuminate\\Container\\Container->call(Array)
#21 /home/vagrant/Laravel/webapps/vendor/laravel/framework/src/Illuminate/Foundation/Application.php(811): Illuminate\\Foundation\\Application->bootProvider(Object(App\\Providers\\RouteServiceProvider))
#22 [internal function]: Illuminate\\Foundation\\Application->Illuminate\\Foundation\\{closure}(Object(App\\Providers\\RouteServiceProvider), 22)
#23 /home/vagrant/Laravel/webapps/vendor/laravel/framework/src/Illuminate/Foundation/Application.php(812): array_walk(Array, Object(Closure))
#24 /home/vagrant/Laravel/webapps/vendor/laravel/framework/src/Illuminate/Foundation/Bootstrap/BootProviders.php(17): Illuminate\\Foundation\\Application->boot()
#25 /home/vagrant/Laravel/webapps/vendor/laravel/framework/src/Illuminate/Foundation/Application.php(211): Illuminate\\Foundation\\Bootstrap\\BootProviders->bootstrap(Object(Illuminate\\Foundation\\Application))
#26 /home/vagrant/Laravel/webapps/vendor/laravel/framework/src/Illuminate/Foundation/Http/Kernel.php(162): Illuminate\\Foundation\\Application->bootstrapWith(Array)
#27 /home/vagrant/Laravel/webapps/vendor/laravel/framework/src/Illuminate/Foundation/Http/Kernel.php(146): Illuminate\\Foundation\\Http\\Kernel->bootstrap()
#28 /home/vagrant/Laravel/webapps/vendor/laravel/framework/src/Illuminate/Foundation/Http/Kernel.php(116): Illuminate\\Foundation\\Http\\Kernel->sendRequestThroughRouter(Object(Illuminate\\Http\\Request))
#29 /home/vagrant/Laravel/webapps/public/index.php(55): Illuminate\\Foundation\\Http\\Kernel->handle(Object(Illuminate\\Http\\Request))
#30 {main}
"} 
